<?xml version="1.0" encoding="UTF-8"?>
<!-- Generated by org.testng.reporters.JUnitReportReporter -->
<testsuite hostname="TI11784-BLR-L" failures="0" tests="1" name="com.salesforce.automation.Westfield.LeadCreationTest" time="10.766" errors="0" timestamp="2023-01-04T12:07:58 IST" skipped="0">
  <testcase classname="com.salesforce.automation.Westfield.LeadCreationTest" name="createNewLeadTest" time="10.766"/>
  <system-out/>
</testsuite> <!-- com.salesforce.automation.Westfield.LeadCreationTest -->
