<?xml version="1.0" encoding="UTF-8"?>
<!-- Generated by org.testng.reporters.JUnitReportReporter -->
<testsuite hostname="TI11784-BLR-L" failures="0" tests="1" name="com.salesforce.automation.Westfield.LoginPage" time="0.905" errors="0" timestamp="2022-10-16T22:18:12 IST" skipped="0">
  <testcase classname="com.salesforce.automation.Westfield.LoginPage" name="loginPageTest" time="0.905"/>
  <system-out/>
</testsuite> <!-- com.salesforce.automation.Westfield.LoginPage -->
