<?xml version="1.0" encoding="UTF-8"?>
<!-- Generated by org.testng.reporters.JUnitReportReporter -->
<testsuite hostname="TI11784-BLR-L" failures="0" tests="1" name="com.salesforce.automation.Westfield.LeadCreationTest" time="38.988" errors="0" timestamp="2023-01-05T11:23:01 IST" skipped="0">
  <testcase classname="com.salesforce.automation.Westfield.LeadCreationTest" name="createNewLeadTest" time="38.988"/>
  <system-out/>
</testsuite> <!-- com.salesforce.automation.Westfield.LeadCreationTest -->
