<?xml version="1.0" encoding="UTF-8"?>
<!-- Generated by org.testng.reporters.JUnitReportReporter -->
<testsuite hostname="TI11784-BLR-L" failures="0" tests="1" name="com.salesforce.automation.Westfield.LeadCreationTest" time="0.000" errors="0" timestamp="2023-01-04T11:30:51 IST" skipped="1">
  <testcase classname="com.salesforce.automation.Westfield.LeadCreationTest" name="createNewLeadTest" time="0.000">
    <skipped/>
  </testcase> <!-- createNewLeadTest -->
  <system-out/>
</testsuite> <!-- com.salesforce.automation.Westfield.LeadCreationTest -->
